{"name": "test_login", "status": "failed", "statusDetails": {"message": "AssertionError: Ожидался https://www.globalsqa.com/angularJs-protractor/BankingProject/#/account, но получили https://www.globalsqa.com/angularJs-protractor/BankingProject/#/customer\nassert 'https://www....ct/#/customer' == 'https://www....ect/#/account'\n  Skipping 54 identical leading characters in diff, use -v to show\n  - Project/#/account\n  + Project/#/customer", "trace": "init_selenium = (<selenium.webdriver.remote.webdriver.WebDriver (session=\"adb83cc8092597a591532e7b1f6fc08a\")>, <pages.login.LoginPage object at 0x0000022425F452D0>)\n\n    @allure.feature('Banking Project')\n    @allure.story('Тест страницы Login')\n    def test_login(init_selenium):\n        driver, login_page = init_selenium\n        customer_page = login_page.click_customer()\n        customer_page.select_customer(USER)\n        customer_page.click_login()\n    \n        assert \"XYZ Bank\" in driver.title\n>       assert driver.current_url == ACCOUNT_URL, \\\n            f'Ожидался {ACCOUNT_URL}, но получили {driver.current_url}'\nE       AssertionError: Ожидался https://www.globalsqa.com/angularJs-protractor/BankingProject/#/account, но получили https://www.globalsqa.com/angularJs-protractor/BankingProject/#/customer\nE       assert 'https://www....ct/#/customer' == 'https://www....ect/#/account'\nE         Skipping 54 identical leading characters in diff, use -v to show\nE         - Project/#/account\nE         + Project/#/customer\n\ntest_main.py:35: AssertionError"}, "start": 1700133672997, "stop": 1700133673783, "uuid": "1ed064c9-9ce1-4f36-ba6c-0bb92d70b259", "historyId": "95befaa2975482457c578b9a805d1d80", "testCaseId": "95befaa2975482457c578b9a805d1d80", "fullName": "test_main#test_login", "labels": [{"name": "feature", "value": "Banking Project"}, {"name": "story", "value": "Тест страницы Login"}, {"name": "suite", "value": "test_main"}, {"name": "host", "value": "asus_vitalca"}, {"name": "thread", "value": "5424-MainThread"}, {"name": "framework", "value": "pytest"}, {"name": "language", "value": "cpython3"}, {"name": "package", "value": "test_main"}]}